{"C:\\Development\\Repos\\spacexpo\\assets\\images\\StarlinkLaunch.jpg": {"path":"C:\\Development\\Repos\\spacexpo\\assets\\images\\StarlinkLaunch.jpg","statementMap":{"0":{"start":{"line":1,"column":0},"end":{"line":1,"column":19}}},"fnMap":{},"branchMap":{},"s":{"0":1},"f":{},"b":{},"_coverageSchema":"43e27e138ebf9cfc5966b082cf9a028302ed4184","hash":"2aeed37a8facbf25b0ee63cd7ebb877872d3dffc"}
,"C:\\Development\\Repos\\spacexpo\\components\\StyledText.js": {"path":"C:\\Development\\Repos\\spacexpo\\components\\StyledText.js","statementMap":{"0":{"start":{"line":5,"column":2},"end":{"line":7,"column":4}}},"fnMap":{"0":{"name":"MonoText","decl":{"start":{"line":4,"column":16},"end":{"line":4,"column":24}},"loc":{"start":{"line":4,"column":32},"end":{"line":8,"column":1}},"line":4}},"branchMap":{},"s":{"0":1},"f":{"0":1},"b":{},"_coverageSchema":"43e27e138ebf9cfc5966b082cf9a028302ed4184","hash":"565b5271d7ef48de34525d196df27bf88b1ded1a"}
,"C:\\Development\\Repos\\spacexpo\\components\\listItems\\CapsuleRenderItem.js": {"path":"C:\\Development\\Repos\\spacexpo\\components\\listItems\\CapsuleRenderItem.js","statementMap":{"0":{"start":{"line":6,"column":2},"end":{"line":19,"column":4}}},"fnMap":{"0":{"name":"CapsuleRenderItem","decl":{"start":{"line":5,"column":24},"end":{"line":5,"column":41}},"loc":{"start":{"line":5,"column":52},"end":{"line":20,"column":1}},"line":5}},"branchMap":{},"s":{"0":3},"f":{"0":3},"b":{},"_coverageSchema":"43e27e138ebf9cfc5966b082cf9a028302ed4184","hash":"0ef1fcef5babdf809bac4d2ce02209fc352e2765"}
,"C:\\Development\\Repos\\spacexpo\\components\\listItems\\HistoryListItem.js": {"path":"C:\\Development\\Repos\\spacexpo\\components\\listItems\\HistoryListItem.js","statementMap":{"0":{"start":{"line":6,"column":2},"end":{"line":17,"column":4}}},"fnMap":{"0":{"name":"HistoryListItem","decl":{"start":{"line":5,"column":24},"end":{"line":5,"column":39}},"loc":{"start":{"line":5,"column":50},"end":{"line":18,"column":1}},"line":5}},"branchMap":{},"s":{"0":3},"f":{"0":3},"b":{},"_coverageSchema":"43e27e138ebf9cfc5966b082cf9a028302ed4184","hash":"f1033ff9693883fd77acde55cb18b94bc8dbc845"}
,"C:\\Development\\Repos\\spacexpo\\components\\listItems\\LaunchListItem.js": {"path":"C:\\Development\\Repos\\spacexpo\\components\\listItems\\LaunchListItem.js","statementMap":{"0":{"start":{"line":5,"column":27},"end":{"line":22,"column":1}},"1":{"start":{"line":6,"column":19},"end":{"line":12,"column":3}},"2":{"start":{"line":9,"column":8},"end":{"line":9,"column":56}},"3":{"start":{"line":13,"column":2},"end":{"line":18,"column":4}},"4":{"start":{"line":15,"column":7},"end":{"line":17,"column":7}},"5":{"start":{"line":16,"column":13},"end":{"line":16,"column":60}},"6":{"start":{"line":19,"column":2},"end":{"line":21,"column":4}},"7":{"start":{"line":24,"column":35},"end":{"line":28,"column":1}},"8":{"start":{"line":25,"column":2},"end":{"line":27,"column":9}},"9":{"start":{"line":32,"column":2},"end":{"line":47,"column":4}}},"fnMap":{"0":{"name":"(anonymous_0)","decl":{"start":{"line":5,"column":27},"end":{"line":5,"column":28}},"loc":{"start":{"line":5,"column":38},"end":{"line":22,"column":1}},"line":5},"1":{"name":"(anonymous_1)","decl":{"start":{"line":8,"column":27},"end":{"line":8,"column":28}},"loc":{"start":{"line":8,"column":32},"end":{"line":10,"column":7}},"line":8},"2":{"name":"(anonymous_2)","decl":{"start":{"line":14,"column":4},"end":{"line":14,"column":5}},"loc":{"start":{"line":15,"column":7},"end":{"line":17,"column":7}},"line":15},"3":{"name":"(anonymous_3)","decl":{"start":{"line":16,"column":8},"end":{"line":16,"column":9}},"loc":{"start":{"line":16,"column":13},"end":{"line":16,"column":60}},"line":16},"4":{"name":"(anonymous_4)","decl":{"start":{"line":24,"column":35},"end":{"line":24,"column":36}},"loc":{"start":{"line":25,"column":2},"end":{"line":27,"column":9}},"line":25},"5":{"name":"LaunchListItem","decl":{"start":{"line":31,"column":24},"end":{"line":31,"column":38}},"loc":{"start":{"line":31,"column":49},"end":{"line":48,"column":1}},"line":31}},"branchMap":{"0":{"loc":{"start":{"line":42,"column":11},"end":{"line":42,"column":67}},"type":"cond-expr","locations":[{"start":{"line":42,"column":26},"end":{"line":42,"column":38}},{"start":{"line":42,"column":41},"end":{"line":42,"column":67}}],"line":42},"1":{"loc":{"start":{"line":43,"column":11},"end":{"line":43,"column":68}},"type":"cond-expr","locations":[{"start":{"line":43,"column":60},"end":{"line":43,"column":62}},{"start":{"line":43,"column":65},"end":{"line":43,"column":68}}],"line":43},"2":{"loc":{"start":{"line":43,"column":11},"end":{"line":43,"column":57}},"type":"binary-expr","locations":[{"start":{"line":43,"column":11},"end":{"line":43,"column":23}},{"start":{"line":43,"column":27},"end":{"line":43,"column":57}}],"line":43}},"s":{"0":4,"1":1,"2":2,"3":1,"4":2,"5":4,"6":1,"7":4,"8":2,"9":3},"f":{"0":1,"1":2,"2":2,"3":4,"4":2,"5":3},"b":{"0":[2,1],"1":[0,3],"2":[3,2]},"_coverageSchema":"43e27e138ebf9cfc5966b082cf9a028302ed4184","hash":"8dba1d3b454343c47ff02142c0805c154719d960"}
,"C:\\Development\\Repos\\spacexpo\\components\\listItems\\RocketRenderItem.js": {"path":"C:\\Development\\Repos\\spacexpo\\components\\listItems\\RocketRenderItem.js","statementMap":{"0":{"start":{"line":6,"column":2},"end":{"line":21,"column":4}}},"fnMap":{"0":{"name":"RocketRenderItem","decl":{"start":{"line":5,"column":24},"end":{"line":5,"column":40}},"loc":{"start":{"line":5,"column":51},"end":{"line":22,"column":1}},"line":5}},"branchMap":{},"s":{"0":1},"f":{"0":1},"b":{},"_coverageSchema":"43e27e138ebf9cfc5966b082cf9a028302ed4184","hash":"1e4518991881f73d02e1a421871652bce61dfeea"}
,"C:\\Development\\Repos\\spacexpo\\components\\listItems\\ShipRenderItem.js": {"path":"C:\\Development\\Repos\\spacexpo\\components\\listItems\\ShipRenderItem.js","statementMap":{"0":{"start":{"line":6,"column":2},"end":{"line":20,"column":4}}},"fnMap":{"0":{"name":"ShipRenderItem","decl":{"start":{"line":5,"column":24},"end":{"line":5,"column":38}},"loc":{"start":{"line":5,"column":49},"end":{"line":21,"column":1}},"line":5}},"branchMap":{},"s":{"0":5},"f":{"0":5},"b":{},"_coverageSchema":"43e27e138ebf9cfc5966b082cf9a028302ed4184","hash":"9ed0cec914b9dc78e942b8c90cdfeaa3f1f34015"}
,"C:\\Development\\Repos\\spacexpo\\components\\listItems\\index.js": {"path":"C:\\Development\\Repos\\spacexpo\\components\\listItems\\index.js","statementMap":{},"fnMap":{},"branchMap":{},"s":{},"f":{},"b":{},"_coverageSchema":"43e27e138ebf9cfc5966b082cf9a028302ed4184","hash":"72ef1bbeb4292d1a71e418e8b2bc2f1d12a1e7a2"}
,"C:\\Development\\Repos\\spacexpo\\mocks\\apolloMocks.js": {"path":"C:\\Development\\Repos\\spacexpo\\mocks\\apolloMocks.js","statementMap":{"0":{"start":{"line":3,"column":28},"end":{"line":38,"column":1}},"1":{"start":{"line":40,"column":27},"end":{"line":66,"column":1}},"2":{"start":{"line":68,"column":28},"end":{"line":96,"column":1}},"3":{"start":{"line":98,"column":27},"end":{"line":152,"column":1}},"4":{"start":{"line":154,"column":31},"end":{"line":188,"column":1}}},"fnMap":{},"branchMap":{},"s":{"0":1,"1":1,"2":1,"3":1,"4":1},"f":{},"b":{},"_coverageSchema":"43e27e138ebf9cfc5966b082cf9a028302ed4184","hash":"b09ad334a5d8cde52ab11f9d9f5f71227a782da1"}
,"C:\\Development\\Repos\\spacexpo\\mocks\\navigationMock.js": {"path":"C:\\Development\\Repos\\spacexpo\\mocks\\navigationMock.js","statementMap":{"0":{"start":{"line":3,"column":4},"end":{"line":3,"column":30}},"1":{"start":{"line":4,"column":4},"end":{"line":4,"column":38}},"2":{"start":{"line":5,"column":4},"end":{"line":5,"column":42}},"3":{"start":{"line":6,"column":4},"end":{"line":6,"column":34}},"4":{"start":{"line":7,"column":4},"end":{"line":7,"column":40}},"5":{"start":{"line":8,"column":4},"end":{"line":8,"column":58}},"6":{"start":{"line":9,"column":4},"end":{"line":9,"column":34}},"7":{"start":{"line":12,"column":4},"end":{"line":33,"column":5}},"8":{"start":{"line":14,"column":8},"end":{"line":14,"column":26}},"9":{"start":{"line":16,"column":8},"end":{"line":16,"column":30}},"10":{"start":{"line":17,"column":8},"end":{"line":17,"column":14}},"11":{"start":{"line":19,"column":8},"end":{"line":19,"column":32}},"12":{"start":{"line":20,"column":8},"end":{"line":20,"column":14}},"13":{"start":{"line":22,"column":8},"end":{"line":22,"column":28}},"14":{"start":{"line":23,"column":8},"end":{"line":23,"column":14}},"15":{"start":{"line":25,"column":8},"end":{"line":25,"column":31}},"16":{"start":{"line":26,"column":8},"end":{"line":26,"column":14}},"17":{"start":{"line":28,"column":8},"end":{"line":28,"column":40}},"18":{"start":{"line":29,"column":8},"end":{"line":29,"column":14}},"19":{"start":{"line":31,"column":8},"end":{"line":31,"column":28}},"20":{"start":{"line":32,"column":8},"end":{"line":32,"column":14}}},"fnMap":{"0":{"name":"(anonymous_0)","decl":{"start":{"line":2,"column":2},"end":{"line":2,"column":3}},"loc":{"start":{"line":2,"column":22},"end":{"line":10,"column":3}},"line":2},"1":{"name":"(anonymous_1)","decl":{"start":{"line":11,"column":2},"end":{"line":11,"column":3}},"loc":{"start":{"line":11,"column":18},"end":{"line":34,"column":3}},"line":11}},"branchMap":{"0":{"loc":{"start":{"line":12,"column":4},"end":{"line":33,"column":5}},"type":"switch","locations":[{"start":{"line":13,"column":6},"end":{"line":14,"column":26}},{"start":{"line":15,"column":6},"end":{"line":17,"column":14}},{"start":{"line":18,"column":6},"end":{"line":20,"column":14}},{"start":{"line":21,"column":6},"end":{"line":23,"column":14}},{"start":{"line":24,"column":6},"end":{"line":26,"column":14}},{"start":{"line":27,"column":6},"end":{"line":29,"column":14}},{"start":{"line":30,"column":6},"end":{"line":32,"column":14}}],"line":12}},"s":{"0":5,"1":5,"2":5,"3":5,"4":5,"5":5,"6":5,"7":55,"8":10,"9":10,"10":0,"11":4,"12":0,"13":4,"14":0,"15":4,"16":0,"17":1,"18":0,"19":12,"20":0},"f":{"0":5,"1":55},"b":{"0":[10,10,4,4,4,1,12]},"_coverageSchema":"43e27e138ebf9cfc5966b082cf9a028302ed4184","hash":"e59748890008416ad320cf666922811b8d3bce7d"}
,"C:\\Development\\Repos\\spacexpo\\navigation\\navigationProps.js": {"path":"C:\\Development\\Repos\\spacexpo\\navigation\\navigationProps.js","statementMap":{"0":{"start":{"line":20,"column":32},"end":{"line":28,"column":1}},"1":{"start":{"line":27,"column":23},"end":{"line":27,"column":42}},"2":{"start":{"line":30,"column":31},"end":{"line":35,"column":1}},"3":{"start":{"line":37,"column":32},"end":{"line":42,"column":1}},"4":{"start":{"line":44,"column":31},"end":{"line":49,"column":1}},"5":{"start":{"line":51,"column":35},"end":{"line":61,"column":1}},"6":{"start":{"line":57,"column":4},"end":{"line":59,"column":6}},"7":{"start":{"line":58,"column":48},"end":{"line":58,"column":57}}},"fnMap":{"0":{"name":"(anonymous_0)","decl":{"start":{"line":27,"column":13},"end":{"line":27,"column":14}},"loc":{"start":{"line":27,"column":23},"end":{"line":27,"column":42}},"line":27},"1":{"name":"(anonymous_1)","decl":{"start":{"line":56,"column":13},"end":{"line":56,"column":14}},"loc":{"start":{"line":56,"column":23},"end":{"line":60,"column":3}},"line":56},"2":{"name":"(anonymous_2)","decl":{"start":{"line":58,"column":43},"end":{"line":58,"column":44}},"loc":{"start":{"line":58,"column":48},"end":{"line":58,"column":57}},"line":58}},"branchMap":{},"s":{"0":3,"1":1,"2":3,"3":3,"4":3,"5":3,"6":1,"7":4},"f":{"0":1,"1":1,"2":4},"b":{},"_coverageSchema":"43e27e138ebf9cfc5966b082cf9a028302ed4184","hash":"508c0cd159e545bef1a1179378c38831891aa8e2"}
,"C:\\Development\\Repos\\spacexpo\\queries\\index.js": {"path":"C:\\Development\\Repos\\spacexpo\\queries\\index.js","statementMap":{"0":{"start":{"line":3,"column":27},"end":{"line":12,"column":1}},"1":{"start":{"line":14,"column":27},"end":{"line":31,"column":1}},"2":{"start":{"line":33,"column":28},"end":{"line":43,"column":1}},"3":{"start":{"line":45,"column":28},"end":{"line":59,"column":1}},"4":{"start":{"line":61,"column":32},"end":{"line":88,"column":1}}},"fnMap":{},"branchMap":{},"s":{"0":3,"1":3,"2":3,"3":3,"4":3},"f":{},"b":{},"_coverageSchema":"43e27e138ebf9cfc5966b082cf9a028302ed4184","hash":"585e1d584d53012d0be17655c6ca357d4f6a170e"}
,"C:\\Development\\Repos\\spacexpo\\screens\\HomeScreen.js": {"path":"C:\\Development\\Repos\\spacexpo\\screens\\HomeScreen.js","statementMap":{"0":{"start":{"line":11,"column":2},"end":{"line":28,"column":4}},"1":{"start":{"line":17,"column":23},"end":{"line":17,"column":72}},"2":{"start":{"line":21,"column":23},"end":{"line":21,"column":54}},"3":{"start":{"line":25,"column":23},"end":{"line":25,"column":70}},"4":{"start":{"line":31,"column":0},"end":{"line":33,"column":2}}},"fnMap":{"0":{"name":"HomeScreen","decl":{"start":{"line":10,"column":24},"end":{"line":10,"column":34}},"loc":{"start":{"line":10,"column":51},"end":{"line":29,"column":1}},"line":10},"1":{"name":"(anonymous_1)","decl":{"start":{"line":17,"column":17},"end":{"line":17,"column":18}},"loc":{"start":{"line":17,"column":23},"end":{"line":17,"column":72}},"line":17},"2":{"name":"(anonymous_2)","decl":{"start":{"line":21,"column":17},"end":{"line":21,"column":18}},"loc":{"start":{"line":21,"column":23},"end":{"line":21,"column":54}},"line":21},"3":{"name":"(anonymous_3)","decl":{"start":{"line":25,"column":17},"end":{"line":25,"column":18}},"loc":{"start":{"line":25,"column":23},"end":{"line":25,"column":70}},"line":25}},"branchMap":{},"s":{"0":1,"1":0,"2":0,"3":0,"4":1},"f":{"0":1,"1":0,"2":0,"3":0},"b":{},"_coverageSchema":"43e27e138ebf9cfc5966b082cf9a028302ed4184","hash":"8dd536be2a1c6e5c6800b8b62e7ec16c1b5e4527"}
,"C:\\Development\\Repos\\spacexpo\\screens\\ListScreen.js": {"path":"C:\\Development\\Repos\\spacexpo\\screens\\ListScreen.js","statementMap":{"0":{"start":{"line":7,"column":28},"end":{"line":7,"column":66}},"1":{"start":{"line":9,"column":20},"end":{"line":9,"column":52}},"2":{"start":{"line":10,"column":16},"end":{"line":10,"column":20}},"3":{"start":{"line":11,"column":2},"end":{"line":13,"column":3}},"4":{"start":{"line":12,"column":4},"end":{"line":12,"column":30}},"5":{"start":{"line":15,"column":27},"end":{"line":35,"column":3}},"6":{"start":{"line":16,"column":24},"end":{"line":16,"column":58}},"7":{"start":{"line":18,"column":4},"end":{"line":27,"column":5}},"8":{"start":{"line":19,"column":6},"end":{"line":26,"column":8}},"9":{"start":{"line":24,"column":32},"end":{"line":24,"column":78}},"10":{"start":{"line":28,"column":4},"end":{"line":34,"column":6}},"11":{"start":{"line":32,"column":30},"end":{"line":32,"column":76}},"12":{"start":{"line":37,"column":2},"end":{"line":46,"column":4}}},"fnMap":{"0":{"name":"ListScreen","decl":{"start":{"line":6,"column":24},"end":{"line":6,"column":34}},"loc":{"start":{"line":6,"column":51},"end":{"line":47,"column":1}},"line":6},"1":{"name":"(anonymous_1)","decl":{"start":{"line":15,"column":27},"end":{"line":15,"column":28}},"loc":{"start":{"line":15,"column":33},"end":{"line":35,"column":3}},"line":15},"2":{"name":"(anonymous_2)","decl":{"start":{"line":24,"column":24},"end":{"line":24,"column":25}},"loc":{"start":{"line":24,"column":32},"end":{"line":24,"column":78}},"line":24},"3":{"name":"(anonymous_3)","decl":{"start":{"line":32,"column":22},"end":{"line":32,"column":23}},"loc":{"start":{"line":32,"column":30},"end":{"line":32,"column":76}},"line":32}},"branchMap":{"0":{"loc":{"start":{"line":11,"column":2},"end":{"line":13,"column":3}},"type":"if","locations":[{"start":{"line":11,"column":2},"end":{"line":13,"column":3}},{"start":{"line":11,"column":2},"end":{"line":13,"column":3}}],"line":11},"1":{"loc":{"start":{"line":11,"column":6},"end":{"line":11,"column":49}},"type":"binary-expr","locations":[{"start":{"line":11,"column":6},"end":{"line":11,"column":14}},{"start":{"line":11,"column":18},"end":{"line":11,"column":49}}],"line":11},"2":{"loc":{"start":{"line":18,"column":4},"end":{"line":27,"column":5}},"type":"if","locations":[{"start":{"line":18,"column":4},"end":{"line":27,"column":5}},{"start":{"line":18,"column":4},"end":{"line":27,"column":5}}],"line":18},"3":{"loc":{"start":{"line":40,"column":7},"end":{"line":44,"column":7}},"type":"cond-expr","locations":[{"start":{"line":41,"column":8},"end":{"line":41,"column":53}},{"start":{"line":43,"column":8},"end":{"line":43,"column":34}}],"line":40},"4":{"loc":{"start":{"line":43,"column":8},"end":{"line":43,"column":34}},"type":"binary-expr","locations":[{"start":{"line":43,"column":8},"end":{"line":43,"column":12}},{"start":{"line":43,"column":16},"end":{"line":43,"column":34}}],"line":43}},"s":{"0":10,"1":10,"2":10,"3":10,"4":2,"5":10,"6":4,"7":4,"8":1,"9":4,"10":3,"11":8,"12":10},"f":{"0":10,"1":4,"2":4,"3":8},"b":{"0":[2,8],"1":[10,5],"2":[1,3],"3":[5,5],"4":[5,4]},"_coverageSchema":"43e27e138ebf9cfc5966b082cf9a028302ed4184","hash":"7fb9894104cfb031ca1a88b1f01a97aedff7574b"}
,"C:\\Development\\Repos\\spacexpo\\screens\\VehicleListScreen.js": {"path":"C:\\Development\\Repos\\spacexpo\\screens\\VehicleListScreen.js","statementMap":{"0":{"start":{"line":10,"column":17},"end":{"line":26,"column":1}},"1":{"start":{"line":29,"column":2},"end":{"line":36,"column":4}},"2":{"start":{"line":33,"column":23},"end":{"line":33,"column":73}},"3":{"start":{"line":40,"column":2},"end":{"line":49,"column":4}},"4":{"start":{"line":45,"column":28},"end":{"line":45,"column":63}},"5":{"start":{"line":46,"column":30},"end":{"line":46,"column":42}}},"fnMap":{"0":{"name":"vehicleRenderItem","decl":{"start":{"line":28,"column":9},"end":{"line":28,"column":26}},"loc":{"start":{"line":28,"column":49},"end":{"line":37,"column":1}},"line":28},"1":{"name":"(anonymous_1)","decl":{"start":{"line":33,"column":17},"end":{"line":33,"column":18}},"loc":{"start":{"line":33,"column":23},"end":{"line":33,"column":73}},"line":33},"2":{"name":"VehicleListScreen","decl":{"start":{"line":39,"column":24},"end":{"line":39,"column":41}},"loc":{"start":{"line":39,"column":58},"end":{"line":50,"column":1}},"line":39},"3":{"name":"(anonymous_3)","decl":{"start":{"line":45,"column":20},"end":{"line":45,"column":21}},"loc":{"start":{"line":45,"column":28},"end":{"line":45,"column":63}},"line":45},"4":{"name":"(anonymous_4)","decl":{"start":{"line":46,"column":22},"end":{"line":46,"column":23}},"loc":{"start":{"line":46,"column":30},"end":{"line":46,"column":42}},"line":46}},"branchMap":{},"s":{"0":1,"1":3,"2":0,"3":1,"4":3,"5":3},"f":{"0":3,"1":0,"2":1,"3":3,"4":3},"b":{},"_coverageSchema":"43e27e138ebf9cfc5966b082cf9a028302ed4184","hash":"67d6565a53f79e3edca1236ef2d23b0dfd802529"}
,"C:\\Development\\Repos\\spacexpo\\styles\\index.js": {"path":"C:\\Development\\Repos\\spacexpo\\styles\\index.js","statementMap":{"0":{"start":{"line":3,"column":30},"end":{"line":44,"column":2}},"1":{"start":{"line":46,"column":32},"end":{"line":61,"column":2}},"2":{"start":{"line":63,"column":32},"end":{"line":73,"column":2}}},"fnMap":{},"branchMap":{},"s":{"0":4,"1":4,"2":4},"f":{},"b":{},"_coverageSchema":"43e27e138ebf9cfc5966b082cf9a028302ed4184","hash":"d2255507139a88213bb99ac968c511de3b4d3cf9"}
}
