TN:
SF:C:\Development\Repos\spacexpo\assets\images\StarlinkLaunch.jpg
FNF:0
FNH:0
DA:1,1
LF:1
LH:1
BRF:0
BRH:0
end_of_record
TN:
SF:C:\Development\Repos\spacexpo\components\StyledButton.js
FN:12,Button
FNF:1
FNH:1
FNDA:1,Button
DA:4,1
DA:13,1
LF:2
LH:2
BRF:0
BRH:0
end_of_record
TN:
SF:C:\Development\Repos\spacexpo\components\StyledText.js
FN:4,MonoText
FNF:1
FNH:1
FNDA:1,MonoText
DA:5,1
LF:1
LH:1
BRF:0
BRH:0
end_of_record
TN:
SF:C:\Development\Repos\spacexpo\components\listItems\CapsuleRenderItem.js
FN:5,CapsuleRenderItem
FNF:1
FNH:1
FNDA:3,CapsuleRenderItem
DA:6,3
LF:1
LH:1
BRF:0
BRH:0
end_of_record
TN:
SF:C:\Development\Repos\spacexpo\components\listItems\HistoryListItem.js
FN:5,HistoryListItem
FNF:1
FNH:1
FNDA:3,HistoryListItem
DA:6,3
LF:1
LH:1
BRF:0
BRH:0
end_of_record
TN:
SF:C:\Development\Repos\spacexpo\components\listItems\LaunchListItem.js
FN:5,(anonymous_0)
FN:8,(anonymous_1)
FN:14,(anonymous_2)
FN:16,(anonymous_3)
FN:24,(anonymous_4)
FN:31,LaunchListItem
FNF:6
FNH:6
FNDA:1,(anonymous_0)
FNDA:2,(anonymous_1)
FNDA:2,(anonymous_2)
FNDA:4,(anonymous_3)
FNDA:2,(anonymous_4)
FNDA:3,LaunchListItem
DA:5,4
DA:6,1
DA:9,2
DA:13,1
DA:15,2
DA:16,4
DA:19,1
DA:24,4
DA:25,2
DA:32,3
LF:10
LH:10
BRDA:42,0,0,2
BRDA:42,0,1,1
BRDA:43,1,0,0
BRDA:43,1,1,3
BRDA:43,2,0,3
BRDA:43,2,1,2
BRF:6
BRH:5
end_of_record
TN:
SF:C:\Development\Repos\spacexpo\components\listItems\RocketRenderItem.js
FN:5,RocketRenderItem
FNF:1
FNH:1
FNDA:1,RocketRenderItem
DA:6,1
LF:1
LH:1
BRF:0
BRH:0
end_of_record
TN:
SF:C:\Development\Repos\spacexpo\components\listItems\ShipRenderItem.js
FN:5,ShipRenderItem
FNF:1
FNH:1
FNDA:5,ShipRenderItem
DA:6,5
LF:1
LH:1
BRF:0
BRH:0
end_of_record
TN:
SF:C:\Development\Repos\spacexpo\components\listItems\index.js
FNF:0
FNH:0
LF:0
LH:0
BRF:0
BRH:0
end_of_record
TN:
SF:C:\Development\Repos\spacexpo\mocks\apolloMocks.js
FNF:0
FNH:0
DA:3,1
DA:40,1
DA:68,1
DA:98,1
DA:154,1
LF:5
LH:5
BRF:0
BRH:0
end_of_record
TN:
SF:C:\Development\Repos\spacexpo\mocks\navigationMock.js
FN:2,(anonymous_0)
FN:11,(anonymous_1)
FNF:2
FNH:2
FNDA:5,(anonymous_0)
FNDA:55,(anonymous_1)
DA:3,5
DA:4,5
DA:5,5
DA:6,5
DA:7,5
DA:8,5
DA:9,5
DA:12,55
DA:14,10
DA:16,10
DA:17,0
DA:19,4
DA:20,0
DA:22,4
DA:23,0
DA:25,4
DA:26,0
DA:28,1
DA:29,0
DA:31,12
DA:32,0
LF:21
LH:15
BRDA:12,0,0,10
BRDA:12,0,1,10
BRDA:12,0,2,4
BRDA:12,0,3,4
BRDA:12,0,4,4
BRDA:12,0,5,1
BRDA:12,0,6,12
BRF:7
BRH:7
end_of_record
TN:
SF:C:\Development\Repos\spacexpo\navigation\navigationProps.js
FN:27,(anonymous_0)
FN:56,(anonymous_1)
FN:58,(anonymous_2)
FNF:3
FNH:3
FNDA:1,(anonymous_0)
FNDA:1,(anonymous_1)
FNDA:4,(anonymous_2)
DA:20,3
DA:27,1
DA:30,3
DA:37,3
DA:44,3
DA:51,3
DA:57,1
DA:58,4
LF:8
LH:8
BRF:0
BRH:0
end_of_record
TN:
SF:C:\Development\Repos\spacexpo\queries\index.js
FNF:0
FNH:0
DA:3,3
DA:14,3
DA:33,3
DA:45,3
DA:61,3
LF:5
LH:5
BRF:0
BRH:0
end_of_record
TN:
SF:C:\Development\Repos\spacexpo\screens\HomeScreen.js
FN:10,HomeScreen
FN:17,(anonymous_1)
FN:21,(anonymous_2)
FN:25,(anonymous_3)
FNF:4
FNH:1
FNDA:1,HomeScreen
FNDA:0,(anonymous_1)
FNDA:0,(anonymous_2)
FNDA:0,(anonymous_3)
DA:11,1
DA:17,0
DA:21,0
DA:25,0
DA:31,1
LF:5
LH:2
BRF:0
BRH:0
end_of_record
TN:
SF:C:\Development\Repos\spacexpo\screens\ListScreen.js
FN:6,ListScreen
FN:15,(anonymous_1)
FN:24,(anonymous_2)
FN:32,(anonymous_3)
FNF:4
FNH:4
FNDA:10,ListScreen
FNDA:4,(anonymous_1)
FNDA:4,(anonymous_2)
FNDA:8,(anonymous_3)
DA:7,10
DA:9,10
DA:10,10
DA:11,10
DA:12,2
DA:15,10
DA:16,4
DA:18,4
DA:19,1
DA:24,4
DA:28,3
DA:32,8
DA:37,10
LF:13
LH:13
BRDA:11,0,0,2
BRDA:11,0,1,8
BRDA:11,1,0,10
BRDA:11,1,1,5
BRDA:18,2,0,1
BRDA:18,2,1,3
BRDA:40,3,0,5
BRDA:40,3,1,5
BRDA:43,4,0,5
BRDA:43,4,1,4
BRF:10
BRH:10
end_of_record
TN:
SF:C:\Development\Repos\spacexpo\screens\VehicleListScreen.js
FN:28,vehicleRenderItem
FN:33,(anonymous_1)
FN:39,VehicleListScreen
FN:45,(anonymous_3)
FN:46,(anonymous_4)
FNF:5
FNH:4
FNDA:3,vehicleRenderItem
FNDA:0,(anonymous_1)
FNDA:1,VehicleListScreen
FNDA:3,(anonymous_3)
FNDA:3,(anonymous_4)
DA:10,1
DA:29,3
DA:33,0
DA:40,1
DA:45,3
DA:46,3
LF:6
LH:5
BRF:0
BRH:0
end_of_record
TN:
SF:C:\Development\Repos\spacexpo\styles\index.js
FNF:0
FNH:0
DA:3,4
DA:46,4
DA:63,4
LF:3
LH:3
BRF:0
BRH:0
end_of_record
